2023-11-30 12:10:47 0 [Note] InnoDB: Mutexes and rw_locks use Windows interlocked functions
2023-11-30 12:10:47 0 [Note] InnoDB: Uses event mutexes
2023-11-30 12:10:47 0 [Note] InnoDB: Compressed tables use zlib 1.2.12
2023-11-30 12:10:47 0 [Note] InnoDB: Number of pools: 1
2023-11-30 12:10:47 0 [Note] InnoDB: Using SSE2 crc32 instructions
2023-11-30 12:10:47 0 [Note] InnoDB: Initializing buffer pool, total size = 16M, instances = 1, chunk size = 16M
2023-11-30 12:10:47 0 [Note] InnoDB: Completed initialization of buffer pool
2023-11-30 12:10:47 0 [Note] InnoDB: Starting crash recovery from checkpoint LSN=300288
2023-11-30 12:10:47 0 [Note] InnoDB: 128 out of 128 rollback segments are active.
2023-11-30 12:10:47 0 [Note] InnoDB: Removed temporary tablespace data file: "ibtmp1"
2023-11-30 12:10:47 0 [Note] InnoDB: Creating shared tablespace for temporary tables
2023-11-30 12:10:47 0 [Note] InnoDB: Setting file 'C:\xampp\mysql\data\ibtmp1' size to 12 MB. Physically writing the file full; Please wait ...
2023-11-30 12:10:47 0 [Note] InnoDB: File 'C:\xampp\mysql\data\ibtmp1' size is now 12 MB.
2023-11-30 12:10:47 0 [Note] InnoDB: Waiting for purge to start
2023-11-30 12:10:48 0 [Note] InnoDB: 10.4.27 started; log sequence number 300297; transaction id 170
2023-11-30 12:10:48 0 [Note] InnoDB: Loading buffer pool(s) from C:\xampp\mysql\data\ib_buffer_pool
2023-11-30 12:10:48 0 [Note] Plugin 'FEEDBACK' is disabled.
2023-11-30 12:10:48 0 [Note] InnoDB: Buffer pool(s) load completed at 231130 12:10:48
2023-11-30 12:10:48 0 [Note] Server socket created on IP: '::'.
2023-11-30 12:10:59 0 [Note] InnoDB: Mutexes and rw_locks use Windows interlocked functions
2023-11-30 12:10:59 0 [Note] InnoDB: Uses event mutexes
2023-11-30 12:10:59 0 [Note] InnoDB: Compressed tables use zlib 1.2.12
2023-11-30 12:10:59 0 [Note] InnoDB: Number of pools: 1
2023-11-30 12:10:59 0 [Note] InnoDB: Using SSE2 crc32 instructions
2023-11-30 12:10:59 0 [Note] InnoDB: Initializing buffer pool, total size = 16M, instances = 1, chunk size = 16M
2023-11-30 12:10:59 0 [Note] InnoDB: Completed initialization of buffer pool
2023-11-30 12:10:59 0 [Note] InnoDB: Starting crash recovery from checkpoint LSN=300288
2023-11-30 12:10:59 0 [Note] InnoDB: 128 out of 128 rollback segments are active.
2023-11-30 12:10:59 0 [Note] InnoDB: Removed temporary tablespace data file: "ibtmp1"
2023-11-30 12:10:59 0 [Note] InnoDB: Creating shared tablespace for temporary tables
2023-11-30 12:10:59 0 [Note] InnoDB: Setting file 'C:\xampp\mysql\data\ibtmp1' size to 12 MB. Physically writing the file full; Please wait ...
2023-11-30 12:10:59 0 [Note] InnoDB: File 'C:\xampp\mysql\data\ibtmp1' size is now 12 MB.
2023-11-30 12:10:59 0 [Note] InnoDB: Waiting for purge to start
2023-11-30 12:11:00 0 [Note] InnoDB: 10.4.27 started; log sequence number 300297; transaction id 170
2023-11-30 12:11:00 0 [Note] InnoDB: Loading buffer pool(s) from C:\xampp\mysql\data\ib_buffer_pool
2023-11-30 12:11:00 0 [Note] Plugin 'FEEDBACK' is disabled.
2023-11-30 12:11:00 0 [Note] Server socket created on IP: '::'.
2023-11-30 12:14:39 0 [Note] InnoDB: Mutexes and rw_locks use Windows interlocked functions
2023-11-30 12:14:39 0 [Note] InnoDB: Uses event mutexes
2023-11-30 12:14:39 0 [Note] InnoDB: Compressed tables use zlib 1.2.12
2023-11-30 12:14:39 0 [Note] InnoDB: Number of pools: 1
2023-11-30 12:14:39 0 [Note] InnoDB: Using SSE2 crc32 instructions
2023-11-30 12:14:39 0 [Note] InnoDB: Initializing buffer pool, total size = 16M, instances = 1, chunk size = 16M
2023-11-30 12:14:39 0 [Note] InnoDB: Completed initialization of buffer pool
2023-11-30 12:14:39 0 [Note] InnoDB: Starting crash recovery from checkpoint LSN=300306
2023-11-30 12:14:39 0 [Note] InnoDB: 128 out of 128 rollback segments are active.
2023-11-30 12:14:39 0 [Note] InnoDB: Removed temporary tablespace data file: "ibtmp1"
2023-11-30 12:14:39 0 [Note] InnoDB: Creating shared tablespace for temporary tables
2023-11-30 12:14:39 0 [Note] InnoDB: Setting file 'C:\xampp\mysql\data\ibtmp1' size to 12 MB. Physically writing the file full; Please wait ...
2023-11-30 12:14:39 0 [Note] InnoDB: File 'C:\xampp\mysql\data\ibtmp1' size is now 12 MB.
2023-11-30 12:14:39 0 [Note] InnoDB: Waiting for purge to start
2023-11-30 12:14:39 0 [Note] InnoDB: 10.4.27 started; log sequence number 300315; transaction id 170
2023-11-30 12:14:39 0 [Note] InnoDB: Loading buffer pool(s) from C:\xampp\mysql\data\ib_buffer_pool
2023-11-30 12:14:39 0 [Note] Plugin 'FEEDBACK' is disabled.
2023-11-30 12:14:39 0 [Note] Server socket created on IP: '::'.
2023-11-30 12:16:13 0 [Note] InnoDB: Mutexes and rw_locks use Windows interlocked functions
2023-11-30 12:16:13 0 [Note] InnoDB: Uses event mutexes
2023-11-30 12:16:13 0 [Note] InnoDB: Compressed tables use zlib 1.2.12
2023-11-30 12:16:13 0 [Note] InnoDB: Number of pools: 1
2023-11-30 12:16:13 0 [Note] InnoDB: Using SSE2 crc32 instructions
2023-11-30 12:16:13 0 [Note] InnoDB: Initializing buffer pool, total size = 16M, instances = 1, chunk size = 16M
2023-11-30 12:16:13 0 [Note] InnoDB: Completed initialization of buffer pool
2023-11-30 12:16:13 0 [Note] InnoDB: Starting crash recovery from checkpoint LSN=300324
2023-11-30 12:16:14 0 [Note] InnoDB: 128 out of 128 rollback segments are active.
2023-11-30 12:16:14 0 [Note] InnoDB: Removed temporary tablespace data file: "ibtmp1"
2023-11-30 12:16:14 0 [Note] InnoDB: Creating shared tablespace for temporary tables
2023-11-30 12:16:14 0 [Note] InnoDB: Setting file 'C:\xampp\mysql\data\ibtmp1' size to 12 MB. Physically writing the file full; Please wait ...
2023-11-30 12:16:14 0 [Note] InnoDB: File 'C:\xampp\mysql\data\ibtmp1' size is now 12 MB.
2023-11-30 12:16:14 0 [Note] InnoDB: Waiting for purge to start
2023-11-30 12:16:14 0 [Note] InnoDB: 10.4.27 started; log sequence number 300333; transaction id 170
2023-11-30 12:16:14 0 [Note] InnoDB: Loading buffer pool(s) from C:\xampp\mysql\data\ib_buffer_pool
2023-11-30 12:16:14 0 [Note] Plugin 'FEEDBACK' is disabled.
2023-11-30 12:16:14 0 [Note] Server socket created on IP: '::'.
2023-11-30 12:53:48 0 [Note] InnoDB: Mutexes and rw_locks use Windows interlocked functions
2023-11-30 12:53:48 0 [Note] InnoDB: Uses event mutexes
2023-11-30 12:53:48 0 [Note] InnoDB: Compressed tables use zlib 1.2.12
2023-11-30 12:53:48 0 [Note] InnoDB: Number of pools: 1
2023-11-30 12:53:48 0 [Note] InnoDB: Using SSE2 crc32 instructions
2023-11-30 12:53:48 0 [Note] InnoDB: Initializing buffer pool, total size = 16M, instances = 1, chunk size = 16M
2023-11-30 12:53:48 0 [Note] InnoDB: Completed initialization of buffer pool
2023-11-30 12:53:48 0 [Note] InnoDB: Starting crash recovery from checkpoint LSN=7479195
2023-11-30 12:53:49 0 [Note] InnoDB: 128 out of 128 rollback segments are active.
2023-11-30 12:53:49 0 [Note] InnoDB: Removed temporary tablespace data file: "ibtmp1"
2023-11-30 12:53:49 0 [Note] InnoDB: Creating shared tablespace for temporary tables
2023-11-30 12:53:49 0 [Note] InnoDB: Setting file 'C:\xampp\mysql\data\ibtmp1' size to 12 MB. Physically writing the file full; Please wait ...
2023-11-30 12:53:49 0 [Note] InnoDB: File 'C:\xampp\mysql\data\ibtmp1' size is now 12 MB.
2023-11-30 12:53:49 0 [Note] InnoDB: Waiting for purge to start
2023-11-30 12:53:49 0 [Note] InnoDB: 10.4.27 started; log sequence number 7479204; transaction id 3301
2023-11-30 12:53:49 0 [Note] InnoDB: Loading buffer pool(s) from C:\xampp\mysql\data\ib_buffer_pool
2023-11-30 12:53:49 0 [Note] Plugin 'FEEDBACK' is disabled.
2023-11-30 12:53:49 0 [Note] InnoDB: Buffer pool(s) load completed at 231130 12:53:49
2023-11-30 12:53:49 0 [Note] Server socket created on IP: '::'.
2023-11-30 13:08:13 0 [Note] InnoDB: Mutexes and rw_locks use Windows interlocked functions
2023-11-30 13:08:13 0 [Note] InnoDB: Uses event mutexes
2023-11-30 13:08:13 0 [Note] InnoDB: Compressed tables use zlib 1.2.12
2023-11-30 13:08:13 0 [Note] InnoDB: Number of pools: 1
2023-11-30 13:08:13 0 [Note] InnoDB: Using SSE2 crc32 instructions
2023-11-30 13:08:13 0 [Note] InnoDB: Initializing buffer pool, total size = 16M, instances = 1, chunk size = 16M
2023-11-30 13:08:13 0 [Note] InnoDB: Completed initialization of buffer pool
2023-11-30 13:08:13 0 [Note] InnoDB: Starting crash recovery from checkpoint LSN=7525060
2023-11-30 13:08:13 0 [Note] InnoDB: 128 out of 128 rollback segments are active.
2023-11-30 13:08:13 0 [Note] InnoDB: Removed temporary tablespace data file: "ibtmp1"
2023-11-30 13:08:13 0 [Note] InnoDB: Creating shared tablespace for temporary tables
2023-11-30 13:08:13 0 [Note] InnoDB: Setting file 'C:\xampp\mysql\data\ibtmp1' size to 12 MB. Physically writing the file full; Please wait ...
2023-11-30 13:08:13 0 [Note] InnoDB: File 'C:\xampp\mysql\data\ibtmp1' size is now 12 MB.
2023-11-30 13:08:13 0 [Note] InnoDB: Waiting for purge to start
2023-11-30 13:08:13 0 [Note] InnoDB: 10.4.27 started; log sequence number 7525069; transaction id 3461
2023-11-30 13:08:13 0 [Note] InnoDB: Loading buffer pool(s) from C:\xampp\mysql\data\ib_buffer_pool
2023-11-30 13:08:13 0 [Note] Plugin 'FEEDBACK' is disabled.
2023-11-30 13:08:13 0 [Note] Server socket created on IP: '::'.
2023-11-30 13:09:21 0 [Note] InnoDB: Mutexes and rw_locks use Windows interlocked functions
2023-11-30 13:09:21 0 [Note] InnoDB: Uses event mutexes
2023-11-30 13:09:21 0 [Note] InnoDB: Compressed tables use zlib 1.2.12
2023-11-30 13:09:21 0 [Note] InnoDB: Number of pools: 1
2023-11-30 13:09:21 0 [Note] InnoDB: Using SSE2 crc32 instructions
2023-11-30 13:09:21 0 [Note] InnoDB: Initializing buffer pool, total size = 16M, instances = 1, chunk size = 16M
2023-11-30 13:09:21 0 [Note] InnoDB: Completed initialization of buffer pool
2023-11-30 13:09:21 0 [Note] InnoDB: Starting crash recovery from checkpoint LSN=7525078
2023-11-30 13:09:21 0 [Note] InnoDB: 128 out of 128 rollback segments are active.
2023-11-30 13:09:21 0 [Note] InnoDB: Removed temporary tablespace data file: "ibtmp1"
2023-11-30 13:09:21 0 [Note] InnoDB: Creating shared tablespace for temporary tables
2023-11-30 13:09:21 0 [Note] InnoDB: Setting file 'C:\xampp\mysql\data\ibtmp1' size to 12 MB. Physically writing the file full; Please wait ...
2023-11-30 13:09:21 0 [Note] InnoDB: File 'C:\xampp\mysql\data\ibtmp1' size is now 12 MB.
2023-11-30 13:09:21 0 [Note] InnoDB: Waiting for purge to start
2023-11-30 13:09:21 0 [Note] InnoDB: 10.4.27 started; log sequence number 7525087; transaction id 3461
2023-11-30 13:09:21 0 [Note] InnoDB: Loading buffer pool(s) from C:\xampp\mysql\data\ib_buffer_pool
2023-11-30 13:09:21 0 [Note] Plugin 'FEEDBACK' is disabled.
2023-11-30 13:09:21 0 [Note] Server socket created on IP: '::'.
2023-11-30 14:02:08 0 [Note] InnoDB: Mutexes and rw_locks use Windows interlocked functions
2023-11-30 14:02:08 0 [Note] InnoDB: Uses event mutexes
2023-11-30 14:02:08 0 [Note] InnoDB: Compressed tables use zlib 1.2.12
2023-11-30 14:02:08 0 [Note] InnoDB: Number of pools: 1
2023-11-30 14:02:08 0 [Note] InnoDB: Using SSE2 crc32 instructions
2023-11-30 14:02:08 0 [Note] InnoDB: Initializing buffer pool, total size = 16M, instances = 1, chunk size = 16M
2023-11-30 14:02:08 0 [Note] InnoDB: Completed initialization of buffer pool
2023-11-30 14:02:08 0 [Note] InnoDB: Starting crash recovery from checkpoint LSN=7915957
2023-11-30 14:02:08 0 [Note] InnoDB: 128 out of 128 rollback segments are active.
2023-11-30 14:02:08 0 [Note] InnoDB: Removed temporary tablespace data file: "ibtmp1"
2023-11-30 14:02:08 0 [Note] InnoDB: Creating shared tablespace for temporary tables
2023-11-30 14:02:08 0 [Note] InnoDB: Setting file 'C:\xampp\mysql\data\ibtmp1' size to 12 MB. Physically writing the file full; Please wait ...
2023-11-30 14:02:08 0 [Note] InnoDB: File 'C:\xampp\mysql\data\ibtmp1' size is now 12 MB.
2023-11-30 14:02:08 0 [Note] InnoDB: Waiting for purge to start
2023-11-30 14:02:08 0 [Note] InnoDB: 10.4.27 started; log sequence number 7915966; transaction id 3827
2023-11-30 14:02:08 0 [Note] InnoDB: Loading buffer pool(s) from C:\xampp\mysql\data\ib_buffer_pool
2023-11-30 14:02:08 0 [Note] Plugin 'FEEDBACK' is disabled.
2023-11-30 14:02:08 0 [Note] InnoDB: Buffer pool(s) load completed at 231130 14:02:08
2023-11-30 14:02:08 0 [Note] Server socket created on IP: '::'.
